<?xml version="1.0" encoding="utf-8" standalone="no"?>
<!--This file represents the results of running a test suite-->
<test-results name="E:\source\repos\CustomerRefactor\Customer\App\App.test\bin\Debug\App.test.dll" total="20" errors="0" failures="1" not-run="0" inconclusive="0" ignored="0" skipped="0" invalid="0" date="2019-04-18" time="16:26:35">
  <environment nunit-version="2.6.4.14350" clr-version="2.0.50727.9035" os-version="Microsoft Windows NT 6.2.9200.0" platform="Win32NT" cwd="C:\Program Files (x86)\NUnit 2.6.4\bin" machine-name="DESKTOP-0NBEBUJ" user="paulj" user-domain="DESKTOP-0NBEBUJ" />
  <culture-info current-culture="en-GB" current-uiculture="en-US" />
  <test-suite type="Assembly" name="E:\source\repos\CustomerRefactor\Customer\App\App.test\bin\Debug\App.test.dll" executed="True" result="Failure" success="False" time="0.455" asserts="0">
    <results>
      <test-suite type="Namespace" name="App" executed="True" result="Failure" success="False" time="0.450" asserts="0">
        <results>
          <test-suite type="Namespace" name="test" executed="True" result="Failure" success="False" time="0.450" asserts="0">
            <results>
              <test-suite type="TestFixture" name="CreditScoreTest" executed="True" result="Failure" success="False" time="0.285" asserts="0">
                <results>
                  <test-case name="App.test.CreditScoreTest.CreateVeryImportantCustomerTest" executed="True" result="Failure" success="False" time="0.281" asserts="1">
                    <failure>
                      <message><![CDATA[  Expected: 500
  But was:  1000
]]></message>
                      <stack-trace><![CDATA[at App.test.CreditScoreTest.CreateVeryImportantCustomerTest() in E:\source\repos\CustomerRefactor\Customer\App\App.test\CreditScoreTest.cs:line 36
]]></stack-trace>
                    </failure>
                  </test-case>
                </results>
              </test-suite>
              <test-suite type="TestFixture" name="CustomerProviderTest" executed="True" result="Success" success="True" time="0.016" asserts="0">
                <results>
                  <test-case name="App.test.CustomerProviderTest.CreateCustomerTest" executed="True" result="Success" success="True" time="0.010" asserts="9" />
                  <test-case name="App.test.CustomerProviderTest.CreateImportantCustomerTest" executed="True" result="Success" success="True" time="0.002" asserts="9" />
                  <test-case name="App.test.CustomerProviderTest.CreateVeryImportantCustomerTest" executed="True" result="Success" success="True" time="0.002" asserts="9" />
                </results>
              </test-suite>
              <test-suite type="TestFixture" name="CustomerServiceTest" executed="True" result="Success" success="True" time="0.074" asserts="0">
                <results>
                  <test-case name="App.test.CustomerServiceTest.AgeLess21Test" executed="True" result="Success" success="True" time="0.039" asserts="1" />
                  <test-case name="App.test.CustomerServiceTest.CreditLimitLess500Test" executed="True" result="Success" success="True" time="0.006" asserts="1" />
                  <test-case name="App.test.CustomerServiceTest.EmailContainsNoAmpersandTest" executed="True" result="Success" success="True" time="0.003" asserts="1" />
                  <test-case name="App.test.CustomerServiceTest.EmailContainsNoDotTest" executed="True" result="Success" success="True" time="0.003" asserts="1" />
                  <test-case name="App.test.CustomerServiceTest.ImportantClientTest" executed="True" result="Success" success="True" time="0.004" asserts="1" />
                  <test-case name="App.test.CustomerServiceTest.NoFirstNameTest" executed="True" result="Success" success="True" time="0.003" asserts="1" />
                  <test-case name="App.test.CustomerServiceTest.NormalClientTest" executed="True" result="Success" success="True" time="0.003" asserts="1" />
                  <test-case name="App.test.CustomerServiceTest.NoSurnameTest" executed="True" result="Success" success="True" time="0.003" asserts="1" />
                </results>
              </test-suite>
              <test-suite type="TestFixture" name="CustomerValidatorTest" executed="True" result="Success" success="True" time="0.013" asserts="0">
                <results>
                  <test-case name="App.test.CustomerValidatorTest.AgeLess21Test" executed="True" result="Success" success="True" time="0.002" asserts="1" />
                  <test-case name="App.test.CustomerValidatorTest.CustomerValidationTest" executed="True" result="Success" success="True" time="0.001" asserts="1" />
                  <test-case name="App.test.CustomerValidatorTest.EmailContainsNoAmpersandTest" executed="True" result="Success" success="True" time="0.001" asserts="1" />
                  <test-case name="App.test.CustomerValidatorTest.EmailContainsNoDotTest" executed="True" result="Success" success="True" time="0.001" asserts="1" />
                  <test-case name="App.test.CustomerValidatorTest.NoFirstNameTest" executed="True" result="Success" success="True" time="0.001" asserts="1" />
                  <test-case name="App.test.CustomerValidatorTest.NoSurnameTest" executed="True" result="Success" success="True" time="0.001" asserts="1" />
                </results>
              </test-suite>
              <test-suite type="Namespace" name="Mapper" executed="True" result="Success" success="True" time="0.047" asserts="0">
                <results>
                  <test-suite type="Namespace" name="Test" executed="True" result="Success" success="True" time="0.047" asserts="0">
                    <results>
                      <test-suite type="TestFixture" name="CompanyMapperTest" executed="True" result="Success" success="True" time="0.047" asserts="0">
                        <results>
                          <test-case name="App.test.Mapper.Test.CompanyMapperTest.NullDataReaderTest" executed="True" result="Success" success="True" time="0.005" asserts="1" />
                          <test-case name="App.test.Mapper.Test.CompanyMapperTest.SingleRowDataReaderTest" executed="True" result="Success" success="True" time="0.040" asserts="3" />
                        </results>
                      </test-suite>
                    </results>
                  </test-suite>
                </results>
              </test-suite>
            </results>
          </test-suite>
        </results>
      </test-suite>
    </results>
  </test-suite>
</test-results>