<?xml version="1.0" encoding="utf-8" standalone="no"?>
<!--This file represents the results of running a test suite-->
<test-results name="E:\Share\_src\Customer\App\App.test\bin\Debug\App.test.dll" total="19" errors="0" failures="0" not-run="0" inconclusive="0" ignored="0" skipped="0" invalid="0" date="2018-04-10" time="12:13:06">
  <environment nunit-version="2.6.4.14350" clr-version="2.0.50727.8762" os-version="Microsoft Windows NT 6.1.7601 Service Pack 1" platform="Win32NT" cwd="E:\Share\_src\Customer\App\App.test\bin\Debug" machine-name="HOMEPC" user="paul" user-domain="homepc" />
  <culture-info current-culture="en-GB" current-uiculture="en-US" />
  <test-suite type="Assembly" name="E:\Share\_src\Customer\App\App.test\bin\Debug\App.test.dll" executed="True" result="Success" success="True" time="0.671" asserts="0">
    <results>
      <test-suite type="Namespace" name="App" executed="True" result="Success" success="True" time="0.662" asserts="0">
        <results>
          <test-suite type="Namespace" name="test" executed="True" result="Success" success="True" time="0.662" asserts="0">
            <results>
              <test-suite type="TestFixture" name="CustomerProviderTest" executed="True" result="Success" success="True" time="0.426" asserts="0">
                <results>
                  <test-case name="App.test.CustomerProviderTest.CreateCustomerImportantTest" executed="True" result="Success" success="True" time="0.398" asserts="9" />
                  <test-case name="App.test.CustomerProviderTest.CreateCustomerTest" executed="True" result="Success" success="True" time="0.004" asserts="9" />
                  <test-case name="App.test.CustomerProviderTest.CreateCustomerVeryImportantTest" executed="True" result="Success" success="True" time="0.005" asserts="9" />
                </results>
              </test-suite>
              <test-suite type="TestFixture" name="CustomerServiceTest" executed="True" result="Success" success="True" time="0.129" asserts="0">
                <results>
                  <test-case name="App.test.CustomerServiceTest.AgeLess21Test" executed="True" result="Success" success="True" time="0.057" asserts="1" />
                  <test-case name="App.test.CustomerServiceTest.CreditLimitLess500Test" executed="True" result="Success" success="True" time="0.012" asserts="1" />
                  <test-case name="App.test.CustomerServiceTest.EmailContainsNoAmpersandTest" executed="True" result="Success" success="True" time="0.007" asserts="1" />
                  <test-case name="App.test.CustomerServiceTest.EmailContainsNoDotTest" executed="True" result="Success" success="True" time="0.007" asserts="1" />
                  <test-case name="App.test.CustomerServiceTest.ImportantClientTest" executed="True" result="Success" success="True" time="0.007" asserts="1" />
                  <test-case name="App.test.CustomerServiceTest.NoFirstNameTest" executed="True" result="Success" success="True" time="0.008" asserts="1" />
                  <test-case name="App.test.CustomerServiceTest.NormalClientTest" executed="True" result="Success" success="True" time="0.007" asserts="1" />
                  <test-case name="App.test.CustomerServiceTest.NoSurnameTest" executed="True" result="Success" success="True" time="0.007" asserts="1" />
                </results>
              </test-suite>
              <test-suite type="TestFixture" name="CustomerValidatorTest" executed="True" result="Success" success="True" time="0.023" asserts="0">
                <results>
                  <test-case name="App.test.CustomerValidatorTest.AgeLess21Test" executed="True" result="Success" success="True" time="0.003" asserts="1" />
                  <test-case name="App.test.CustomerValidatorTest.CustomerValidationTest" executed="True" result="Success" success="True" time="0.002" asserts="1" />
                  <test-case name="App.test.CustomerValidatorTest.EmailContainsNoAmpersandTest" executed="True" result="Success" success="True" time="0.002" asserts="1" />
                  <test-case name="App.test.CustomerValidatorTest.EmailContainsNoDotTest" executed="True" result="Success" success="True" time="0.002" asserts="1" />
                  <test-case name="App.test.CustomerValidatorTest.NoFirstNameTest" executed="True" result="Success" success="True" time="0.003" asserts="1" />
                  <test-case name="App.test.CustomerValidatorTest.NoSurnameTest" executed="True" result="Success" success="True" time="0.002" asserts="1" />
                </results>
              </test-suite>
              <test-suite type="Namespace" name="Mapper" executed="True" result="Success" success="True" time="0.074" asserts="0">
                <results>
                  <test-suite type="Namespace" name="Test" executed="True" result="Success" success="True" time="0.074" asserts="0">
                    <results>
                      <test-suite type="TestFixture" name="CompanyMapperTest" executed="True" result="Success" success="True" time="0.074" asserts="0">
                        <results>
                          <test-case name="App.test.Mapper.Test.CompanyMapperTest.NullDataReaderTest" executed="True" result="Success" success="True" time="0.008" asserts="1" />
                          <test-case name="App.test.Mapper.Test.CompanyMapperTest.SingleRowDataReaderTest" executed="True" result="Success" success="True" time="0.063" asserts="3" />
                        </results>
                      </test-suite>
                    </results>
                  </test-suite>
                </results>
              </test-suite>
            </results>
          </test-suite>
        </results>
      </test-suite>
    </results>
  </test-suite>
</test-results>